This file contains any messages produced by compilers while
running configure, to aid debugging if configure makes a mistake.

It was created by libpng for TeX Live configure 1.6.1, which was
generated by GNU Autoconf 2.69.  Invocation command line was

  $ ./configure 

## --------- ##
## Platform. ##
## --------- ##

hostname = bogon
uname -m = x86_64
uname -r = 12.3.0
uname -s = Darwin
uname -v = Darwin Kernel Version 12.3.0: Sun Jan  6 22:37:10 PST 2013; root:xnu-2050.22.13~1/RELEASE_X86_64

/usr/bin/uname -p = i386
/bin/uname -X     = unknown

/bin/arch              = unknown
/usr/bin/arch -k       = unknown
/usr/convex/getsysinfo = unknown
/usr/bin/hostinfo      = Mach kernel version:
	 Darwin Kernel Version 12.3.0: Sun Jan  6 22:37:10 PST 2013; root:xnu-2050.22.13~1/RELEASE_X86_64
Kernel configured for up to 8 processors.
4 processors are physically available.
8 processors are logically available.
Processor type: i486 (Intel 80486)
Processors active: 0 1 2 3 4 5 6 7
Primary memory available: 8.00 gigabytes
Default processor set: 184 tasks, 1052 threads, 8 processors
Load average: 1.59, Mach factor: 6.40
/bin/machine           = unknown
/usr/bin/oslevel       = unknown
/bin/universe          = unknown

PATH: /usr/local/bin
PATH: /Users/chaojili/android-ndk
PATH: /Users/chaojili/android-sdk/tools
PATH: /Users/chaojili/android-sdk/platform-tools
PATH: /usr/bin
PATH: /bin
PATH: /usr/sbin
PATH: /sbin
PATH: /usr/local/bin
PATH: /opt/X11/bin
PATH: /usr/texbin
PATH: /usr/local/mysql/bin
PATH: /Users/chaojili/Dropbox/tools
PATH: /usr/texbin


## ----------- ##
## Core tests. ##
## ----------- ##

configure:2281: checking for a BSD-compatible install
configure:2349: result: /usr/bin/install -c
configure:2360: checking whether build environment is sane
configure:2415: result: yes
configure:2453: WARNING: 'missing' script is too old or missing
configure:2566: checking for a thread-safe mkdir -p
configure:2605: result: ../../build-aux/install-sh -c -d
configure:2612: checking for gawk
configure:2642: result: no
configure:2612: checking for mawk
configure:2642: result: no
configure:2612: checking for nawk
configure:2642: result: no
configure:2612: checking for awk
configure:2628: found /usr/bin/awk
configure:2639: result: awk
configure:2650: checking whether make sets $(MAKE)
configure:2672: result: yes
configure:2701: checking whether make supports nested variables
configure:2718: result: yes
configure:2741: checking for style of include used by make
configure:2769: result: GNU
configure:2840: checking for gcc
configure:2856: found /usr/bin/gcc
configure:2867: result: gcc
configure:3096: checking for C compiler version
configure:3105: gcc --version >&5
i686-apple-darwin11-llvm-gcc-4.2 (GCC) 4.2.1 (Based on Apple Inc. build 5658) (LLVM build 2336.11.00)
Copyright (C) 2007 Free Software Foundation, Inc.
This is free software; see the source for copying conditions.  There is NO
warranty; not even for MERCHANTABILITY or FITNESS FOR A PARTICULAR PURPOSE.

configure:3116: $? = 0
configure:3105: gcc -v >&5
Using built-in specs.
Target: i686-apple-darwin11
Configured with: /private/var/tmp/llvmgcc42/llvmgcc42-2336.11~67/src/configure --disable-checking --enable-werror --prefix=/Applications/Xcode.app/Contents/Developer/usr/llvm-gcc-4.2 --mandir=/share/man --enable-languages=c,objc,c++,obj-c++ --program-prefix=llvm- --program-transform-name=/^[cg][^.-]*$/s/$/-4.2/ --with-slibdir=/usr/lib --build=i686-apple-darwin11 --enable-llvm=/private/var/tmp/llvmgcc42/llvmgcc42-2336.11~67/dst-llvmCore/Developer/usr/local --program-prefix=i686-apple-darwin11- --host=x86_64-apple-darwin11 --target=i686-apple-darwin11 --with-gxx-include-dir=/usr/include/c++/4.2.1
Thread model: posix
gcc version 4.2.1 (Based on Apple Inc. build 5658) (LLVM build 2336.11.00)
configure:3116: $? = 0
configure:3105: gcc -V >&5
llvm-gcc-4.2: argument to `-V' is missing
configure:3116: $? = 1
configure:3105: gcc -qversion >&5
i686-apple-darwin11-llvm-gcc-4.2: no input files
configure:3116: $? = 1
configure:3136: checking whether the C compiler works
configure:3158: gcc -arch i386 -arch i386  conftest.c  >&5
configure:3162: $? = 0
configure:3210: result: yes
configure:3213: checking for C compiler default output file name
configure:3215: result: a.out
configure:3221: checking for suffix of executables
configure:3228: gcc -o conftest -arch i386 -arch i386  conftest.c  >&5
configure:3232: $? = 0
configure:3254: result: 
configure:3276: checking whether we are cross compiling
configure:3284: gcc -o conftest -arch i386 -arch i386  conftest.c  >&5
configure:3288: $? = 0
configure:3295: ./conftest
configure:3299: $? = 0
configure:3314: result: no
configure:3319: checking for suffix of object files
configure:3341: gcc -c -arch i386 -arch i386 conftest.c >&5
configure:3345: $? = 0
configure:3366: result: o
configure:3370: checking whether we are using the GNU C compiler
configure:3389: gcc -c -arch i386 -arch i386 conftest.c >&5
configure:3389: $? = 0
configure:3398: result: yes
configure:3407: checking whether gcc accepts -g
configure:3427: gcc -c -g -arch i386 conftest.c >&5
configure:3427: $? = 0
configure:3468: result: yes
configure:3485: checking for gcc option to accept ISO C89
configure:3548: gcc  -c -arch i386 -arch i386 conftest.c >&5
configure:3548: $? = 0
configure:3561: result: none needed
configure:3583: checking dependency style of gcc
configure:3694: result: gcc3
configure:3795: checking whether to enable maintainer-specific portions of Makefiles
configure:3804: result: no
configure:3817: checking whether the compiler accepts prototypes
configure:3833: gcc -o conftest -arch i386 -arch i386  conftest.c  >&5
configure:3833: $? = 0
configure:3841: result: yes
configure:3846: checking what warning flags to pass to the C compiler
configure:3891: result: -Wimplicit -Wreturn-type -Wdeclaration-after-statement -Wno-unknown-pragmas
configure:3950: checking for gcc
configure:3977: result: gcc
configure:4206: checking for C compiler version
configure:4215: gcc --version >&5
i686-apple-darwin11-llvm-gcc-4.2 (GCC) 4.2.1 (Based on Apple Inc. build 5658) (LLVM build 2336.11.00)
Copyright (C) 2007 Free Software Foundation, Inc.
This is free software; see the source for copying conditions.  There is NO
warranty; not even for MERCHANTABILITY or FITNESS FOR A PARTICULAR PURPOSE.

configure:4226: $? = 0
configure:4215: gcc -v >&5
Using built-in specs.
Target: i686-apple-darwin11
Configured with: /private/var/tmp/llvmgcc42/llvmgcc42-2336.11~67/src/configure --disable-checking --enable-werror --prefix=/Applications/Xcode.app/Contents/Developer/usr/llvm-gcc-4.2 --mandir=/share/man --enable-languages=c,objc,c++,obj-c++ --program-prefix=llvm- --program-transform-name=/^[cg][^.-]*$/s/$/-4.2/ --with-slibdir=/usr/lib --build=i686-apple-darwin11 --enable-llvm=/private/var/tmp/llvmgcc42/llvmgcc42-2336.11~67/dst-llvmCore/Developer/usr/local --program-prefix=i686-apple-darwin11- --host=x86_64-apple-darwin11 --target=i686-apple-darwin11 --with-gxx-include-dir=/usr/include/c++/4.2.1
Thread model: posix
gcc version 4.2.1 (Based on Apple Inc. build 5658) (LLVM build 2336.11.00)
configure:4226: $? = 0
configure:4215: gcc -V >&5
llvm-gcc-4.2: argument to `-V' is missing
configure:4226: $? = 1
configure:4215: gcc -qversion >&5
i686-apple-darwin11-llvm-gcc-4.2: no input files
configure:4226: $? = 1
configure:4230: checking whether we are using the GNU C compiler
configure:4258: result: yes
configure:4267: checking whether gcc accepts -g
configure:4328: result: yes
configure:4345: checking for gcc option to accept ISO C89
configure:4421: result: none needed
configure:4443: checking dependency style of gcc
configure:4554: result: gcc3
configure:4612: checking for ranlib
configure:4628: found /usr/bin/ranlib
configure:4639: result: ranlib
configure:4661: checking whether ln -s works
configure:4665: result: yes
configure:4682: checking how to run the C preprocessor
configure:4713: gcc -E -arch i386 conftest.c
configure:4713: $? = 0
configure:4727: gcc -E -arch i386 conftest.c
conftest.c:11:28: error: ac_nonexistent.h: No such file or directory
configure:4727: $? = 1
configure: failed program was:
| /* confdefs.h */
| #define PACKAGE_NAME "libpng for TeX Live"
| #define PACKAGE_TARNAME "libpng-for-tex-live"
| #define PACKAGE_VERSION "1.6.1"
| #define PACKAGE_STRING "libpng for TeX Live 1.6.1"
| #define PACKAGE_BUGREPORT "tex-k@tug.org"
| #define PACKAGE_URL ""
| #define PACKAGE "libpng-for-tex-live"
| #define VERSION "1.6.1"
| /* end confdefs.h.  */
| #include <ac_nonexistent.h>
configure:4752: result: gcc -E
configure:4772: gcc -E -arch i386 conftest.c
configure:4772: $? = 0
configure:4786: gcc -E -arch i386 conftest.c
conftest.c:11:28: error: ac_nonexistent.h: No such file or directory
configure:4786: $? = 1
configure: failed program was:
| /* confdefs.h */
| #define PACKAGE_NAME "libpng for TeX Live"
| #define PACKAGE_TARNAME "libpng-for-tex-live"
| #define PACKAGE_VERSION "1.6.1"
| #define PACKAGE_STRING "libpng for TeX Live 1.6.1"
| #define PACKAGE_BUGREPORT "tex-k@tug.org"
| #define PACKAGE_URL ""
| #define PACKAGE "libpng-for-tex-live"
| #define VERSION "1.6.1"
| /* end confdefs.h.  */
| #include <ac_nonexistent.h>
configure:4815: checking for grep that handles long lines and -e
configure:4873: result: /usr/bin/grep
configure:4878: checking for egrep
configure:4940: result: /usr/bin/grep -E
configure:4945: checking for ANSI C header files
configure:4965: gcc -c -arch i386 -arch i386 conftest.c >&5
configure:4965: $? = 0
configure:5038: gcc -o conftest -arch i386 -arch i386  conftest.c  >&5
configure:5038: $? = 0
configure:5038: ./conftest
configure:5038: $? = 0
configure:5049: result: yes
configure:5062: checking for sys/types.h
configure:5062: gcc -c -arch i386 -arch i386 conftest.c >&5
configure:5062: $? = 0
configure:5062: result: yes
configure:5062: checking for sys/stat.h
configure:5062: gcc -c -arch i386 -arch i386 conftest.c >&5
configure:5062: $? = 0
configure:5062: result: yes
configure:5062: checking for stdlib.h
configure:5062: gcc -c -arch i386 -arch i386 conftest.c >&5
configure:5062: $? = 0
configure:5062: result: yes
configure:5062: checking for string.h
configure:5062: gcc -c -arch i386 -arch i386 conftest.c >&5
configure:5062: $? = 0
configure:5062: result: yes
configure:5062: checking for memory.h
configure:5062: gcc -c -arch i386 -arch i386 conftest.c >&5
configure:5062: $? = 0
configure:5062: result: yes
configure:5062: checking for strings.h
configure:5062: gcc -c -arch i386 -arch i386 conftest.c >&5
configure:5062: $? = 0
configure:5062: result: yes
configure:5062: checking for inttypes.h
configure:5062: gcc -c -arch i386 -arch i386 conftest.c >&5
configure:5062: $? = 0
configure:5062: result: yes
configure:5062: checking for stdint.h
configure:5062: gcc -c -arch i386 -arch i386 conftest.c >&5
configure:5062: $? = 0
configure:5062: result: yes
configure:5062: checking for unistd.h
configure:5062: gcc -c -arch i386 -arch i386 conftest.c >&5
configure:5062: $? = 0
configure:5062: result: yes
configure:5077: checking malloc.h usability
configure:5077: gcc -c -arch i386 -arch i386 conftest.c >&5
conftest.c:54:20: error: malloc.h: No such file or directory
configure:5077: $? = 1
configure: failed program was:
| /* confdefs.h */
| #define PACKAGE_NAME "libpng for TeX Live"
| #define PACKAGE_TARNAME "libpng-for-tex-live"
| #define PACKAGE_VERSION "1.6.1"
| #define PACKAGE_STRING "libpng for TeX Live 1.6.1"
| #define PACKAGE_BUGREPORT "tex-k@tug.org"
| #define PACKAGE_URL ""
| #define PACKAGE "libpng-for-tex-live"
| #define VERSION "1.6.1"
| #define STDC_HEADERS 1
| #define HAVE_SYS_TYPES_H 1
| #define HAVE_SYS_STAT_H 1
| #define HAVE_STDLIB_H 1
| #define HAVE_STRING_H 1
| #define HAVE_MEMORY_H 1
| #define HAVE_STRINGS_H 1
| #define HAVE_INTTYPES_H 1
| #define HAVE_STDINT_H 1
| #define HAVE_UNISTD_H 1
| /* end confdefs.h.  */
| #include <stdio.h>
| #ifdef HAVE_SYS_TYPES_H
| # include <sys/types.h>
| #endif
| #ifdef HAVE_SYS_STAT_H
| # include <sys/stat.h>
| #endif
| #ifdef STDC_HEADERS
| # include <stdlib.h>
| # include <stddef.h>
| #else
| # ifdef HAVE_STDLIB_H
| #  include <stdlib.h>
| # endif
| #endif
| #ifdef HAVE_STRING_H
| # if !defined STDC_HEADERS && defined HAVE_MEMORY_H
| #  include <memory.h>
| # endif
| # include <string.h>
| #endif
| #ifdef HAVE_STRINGS_H
| # include <strings.h>
| #endif
| #ifdef HAVE_INTTYPES_H
| # include <inttypes.h>
| #endif
| #ifdef HAVE_STDINT_H
| # include <stdint.h>
| #endif
| #ifdef HAVE_UNISTD_H
| # include <unistd.h>
| #endif
| #include <malloc.h>
configure:5077: result: no
configure:5077: checking malloc.h presence
configure:5077: gcc -E -arch i386 conftest.c
conftest.c:21:20: error: malloc.h: No such file or directory
configure:5077: $? = 1
configure: failed program was:
| /* confdefs.h */
| #define PACKAGE_NAME "libpng for TeX Live"
| #define PACKAGE_TARNAME "libpng-for-tex-live"
| #define PACKAGE_VERSION "1.6.1"
| #define PACKAGE_STRING "libpng for TeX Live 1.6.1"
| #define PACKAGE_BUGREPORT "tex-k@tug.org"
| #define PACKAGE_URL ""
| #define PACKAGE "libpng-for-tex-live"
| #define VERSION "1.6.1"
| #define STDC_HEADERS 1
| #define HAVE_SYS_TYPES_H 1
| #define HAVE_SYS_STAT_H 1
| #define HAVE_STDLIB_H 1
| #define HAVE_STRING_H 1
| #define HAVE_MEMORY_H 1
| #define HAVE_STRINGS_H 1
| #define HAVE_INTTYPES_H 1
| #define HAVE_STDINT_H 1
| #define HAVE_UNISTD_H 1
| /* end confdefs.h.  */
| #include <malloc.h>
configure:5077: result: no
configure:5077: checking for malloc.h
configure:5077: result: no
configure:5077: checking for stdlib.h
configure:5077: result: yes
configure:5077: checking for string.h
configure:5077: result: yes
configure:5077: checking for strings.h
configure:5077: result: yes
configure:5089: checking for an ANSI C-conforming const
configure:5155: gcc -c -arch i386 -arch i386 conftest.c >&5
configure:5155: $? = 0
configure:5162: result: yes
configure:5170: checking for size_t
configure:5170: gcc -c -arch i386 -arch i386 conftest.c >&5
configure:5170: $? = 0
configure:5170: gcc -c -arch i386 -arch i386 conftest.c >&5
conftest.c: In function 'main':
conftest.c:60: error: expected expression before ')' token
configure:5170: $? = 1
configure: failed program was:
| /* confdefs.h */
| #define PACKAGE_NAME "libpng for TeX Live"
| #define PACKAGE_TARNAME "libpng-for-tex-live"
| #define PACKAGE_VERSION "1.6.1"
| #define PACKAGE_STRING "libpng for TeX Live 1.6.1"
| #define PACKAGE_BUGREPORT "tex-k@tug.org"
| #define PACKAGE_URL ""
| #define PACKAGE "libpng-for-tex-live"
| #define VERSION "1.6.1"
| #define STDC_HEADERS 1
| #define HAVE_SYS_TYPES_H 1
| #define HAVE_SYS_STAT_H 1
| #define HAVE_STDLIB_H 1
| #define HAVE_STRING_H 1
| #define HAVE_MEMORY_H 1
| #define HAVE_STRINGS_H 1
| #define HAVE_INTTYPES_H 1
| #define HAVE_STDINT_H 1
| #define HAVE_UNISTD_H 1
| #define HAVE_STDLIB_H 1
| #define HAVE_STRING_H 1
| #define HAVE_STRINGS_H 1
| /* end confdefs.h.  */
| #include <stdio.h>
| #ifdef HAVE_SYS_TYPES_H
| # include <sys/types.h>
| #endif
| #ifdef HAVE_SYS_STAT_H
| # include <sys/stat.h>
| #endif
| #ifdef STDC_HEADERS
| # include <stdlib.h>
| # include <stddef.h>
| #else
| # ifdef HAVE_STDLIB_H
| #  include <stdlib.h>
| # endif
| #endif
| #ifdef HAVE_STRING_H
| # if !defined STDC_HEADERS && defined HAVE_MEMORY_H
| #  include <memory.h>
| # endif
| # include <string.h>
| #endif
| #ifdef HAVE_STRINGS_H
| # include <strings.h>
| #endif
| #ifdef HAVE_INTTYPES_H
| # include <inttypes.h>
| #endif
| #ifdef HAVE_STDINT_H
| # include <stdint.h>
| #endif
| #ifdef HAVE_UNISTD_H
| # include <unistd.h>
| #endif
| int
| main ()
| {
| if (sizeof ((size_t)))
| 	    return 0;
|   ;
|   return 0;
| }
configure:5170: result: yes
configure:5181: checking whether struct tm is in sys/time.h or time.h
configure:5201: gcc -c -arch i386 -arch i386 conftest.c >&5
configure:5201: $? = 0
configure:5208: result: time.h
configure:5216: checking for C/C++ restrict keyword
configure:5241: gcc -c -arch i386 -arch i386 conftest.c >&5
configure:5241: $? = 0
configure:5249: result: __restrict
configure:5264: checking for working strtod
configure:5305: gcc -o conftest -arch i386 -arch i386  conftest.c  >&5
configure:5305: $? = 0
configure:5305: ./conftest
configure:5305: $? = 0
configure:5315: result: yes
configure:5379: checking for memset
configure:5379: gcc -o conftest -arch i386 -arch i386  conftest.c  >&5
conftest.c:48: warning: conflicting types for built-in function 'memset'
configure:5379: $? = 0
configure:5379: result: yes
configure:5390: checking for library containing pow
configure:5421: gcc -o conftest -arch i386 -arch i386  conftest.c  >&5
conftest.c:33: warning: conflicting types for built-in function 'pow'
configure:5421: $? = 0
configure:5438: result: none required
configure:5506: checking for zlibVersion
configure:5506: gcc -o conftest -arch i386 -I/Users/chaojili/Projects/pdftex/libs/zlib/include -arch i386  conftest.c /Users/chaojili/Projects/pdftex/libs/zlib/libz.a  >&5
configure:5506: $? = 0
configure:5506: result: yes
configure:5638: checking that generated files are newer than configure
configure:5644: result: done
configure:5679: creating ./config.status

## ---------------------- ##
## Running config.status. ##
## ---------------------- ##

This file was extended by libpng for TeX Live config.status 1.6.1, which was
generated by GNU Autoconf 2.69.  Invocation command line was

  CONFIG_FILES    = 
  CONFIG_HEADERS  = 
  CONFIG_LINKS    = 
  CONFIG_COMMANDS = 
  $ ./config.status 

on bogon

config.status:877: creating Makefile
config.status:877: creating include/Makefile
config.status:877: creating config.h
config.status:1106: executing depfiles commands

## ---------------- ##
## Cache variables. ##
## ---------------- ##

ac_cv_c_compiler_gnu=yes
ac_cv_c_const=yes
ac_cv_c_restrict=__restrict
ac_cv_env_CC_set=
ac_cv_env_CC_value=
ac_cv_env_CFLAGS_set=set
ac_cv_env_CFLAGS_value='-arch i386'
ac_cv_env_CPPFLAGS_set=set
ac_cv_env_CPPFLAGS_value='-arch i386'
ac_cv_env_CPP_set=
ac_cv_env_CPP_value=
ac_cv_env_LDFLAGS_set=
ac_cv_env_LDFLAGS_value=
ac_cv_env_LIBS_set=
ac_cv_env_LIBS_value=
ac_cv_env_build_alias_set=
ac_cv_env_build_alias_value=
ac_cv_env_host_alias_set=
ac_cv_env_host_alias_value=
ac_cv_env_target_alias_set=
ac_cv_env_target_alias_value=
ac_cv_func_memset=yes
ac_cv_func_strtod=yes
ac_cv_func_zlibVersion=yes
ac_cv_header_inttypes_h=yes
ac_cv_header_malloc_h=no
ac_cv_header_memory_h=yes
ac_cv_header_stdc=yes
ac_cv_header_stdint_h=yes
ac_cv_header_stdlib_h=yes
ac_cv_header_string_h=yes
ac_cv_header_strings_h=yes
ac_cv_header_sys_stat_h=yes
ac_cv_header_sys_types_h=yes
ac_cv_header_unistd_h=yes
ac_cv_objext=o
ac_cv_path_EGREP='/usr/bin/grep -E'
ac_cv_path_GREP=/usr/bin/grep
ac_cv_path_install='/usr/bin/install -c'
ac_cv_prog_AWK=awk
ac_cv_prog_CPP='gcc -E'
ac_cv_prog_ac_ct_CC=gcc
ac_cv_prog_ac_ct_RANLIB=ranlib
ac_cv_prog_cc_c89=
ac_cv_prog_cc_g=yes
ac_cv_prog_make_make_set=yes
ac_cv_search_pow='none required'
ac_cv_struct_tm=time.h
ac_cv_type_size_t=yes
am_cv_CC_dependencies_compiler_type=gcc3
am_cv_make_support_nested_variables=yes
kb_cv_c_prototypes=yes
kpse_cv_warning_cflags='-Wimplicit -Wreturn-type -Wdeclaration-after-statement -Wno-unknown-pragmas'

## ----------------- ##
## Output variables. ##
## ----------------- ##

	cd ${top_builddir}/../../libs/zlib && $(MAKE) $(AM_MAKEFLAGS) rebuild
	cd ${top_builddir}/../../libs/zlib && $(MAKE) $(AM_MAKEFLAGS) rebuild'
$(ZLIB_DEPEND): ${top_builddir}/../../libs/zlib/include/zconf.h
${top_builddir}/../../libs/zlib/include/zconf.h:
ACLOCAL='aclocal-1.13'
AMDEPBACKSLASH='\'
AMDEP_FALSE='#'
AMDEP_TRUE=''
AMTAR='$${TAR-tar}'
AM_BACKSLASH='\'
AM_DEFAULT_V='$(AM_DEFAULT_VERBOSITY)'
AM_DEFAULT_VERBOSITY='1'
AM_V='$(V)'
AUTOCONF='autoconf'
AUTOHEADER='autoheader'
AUTOMAKE='automake-1.13'
AWK='awk'
CC='gcc'
CCDEPMODE='depmode=gcc3'
CFLAGS='-arch i386'
CPP='gcc -E'
CPPFLAGS='-arch i386'
CYGPATH_W='echo'
DEFS='-DHAVE_CONFIG_H'
DEPDIR='.deps'
ECHO_C='\c'
ECHO_N=''
ECHO_T=''
EGREP='/usr/bin/grep -E'
EXEEXT=''
GREP='/usr/bin/grep'
INSTALL_DATA='${INSTALL} -m 644'
INSTALL_PROGRAM='${INSTALL}'
INSTALL_SCRIPT='${INSTALL}'
INSTALL_STRIP_PROGRAM='$(install_sh) -c -s'
LDFLAGS=''
LIBOBJS=''
LIBPNG_DEFINES='-DPNG_CONFIGURE_LIBPNG -DPNG_NO_MMX_CODE'
LIBPNG_TREE='libpng-1.6.1'
LIBS=''
LN_S='ln -s'
LTLIBOBJS=''
MAINT='#'
MAINTAINER_MODE_FALSE=''
MAINTAINER_MODE_TRUE='#'
MAKEINFO='makeinfo'
MKDIR_P='../../build-aux/install-sh -c -d'
OBJEXT='o'
PACKAGE='libpng-for-tex-live'
PACKAGE_BUGREPORT='tex-k@tug.org'
PACKAGE_NAME='libpng for TeX Live'
PACKAGE_STRING='libpng for TeX Live 1.6.1'
PACKAGE_TARNAME='libpng-for-tex-live'
PACKAGE_URL=''
PACKAGE_VERSION='1.6.1'
PATH_SEPARATOR=':'
POW_LIB=''
RANLIB='ranlib'
SET_MAKE=''
SHELL='/bin/sh'
STRIP=''
VERSION='1.6.1'
WARNING_CFLAGS='-Wimplicit -Wreturn-type -Wdeclaration-after-statement -Wno-unknown-pragmas'
ZLIB_DEPEND='${top_builddir}/../../libs/zlib/libz.a'
ZLIB_INCLUDES='-I/Users/chaojili/Projects/pdftex/libs/zlib/include'
ZLIB_LIBS='/Users/chaojili/Projects/pdftex/libs/zlib/libz.a'
ZLIB_RULE='# Rebuild libz
ac_ct_CC='gcc'
am__EXEEXT_FALSE=''
am__EXEEXT_TRUE='#'
am__fastdepCC_FALSE='#'
am__fastdepCC_TRUE=''
am__include='include'
am__isrc=''
am__leading_dot='.'
am__nodep='_no'
am__quote=''
am__tar='$${TAR-tar} chof - "$$tardir"'
am__untar='$${TAR-tar} xf -'
bindir='${exec_prefix}/bin'
build_FALSE='#'
build_TRUE=''
build_alias=''
datadir='${datarootdir}'
datarootdir='${prefix}/share'
docdir='${datarootdir}/doc/${PACKAGE_TARNAME}'
dvidir='${docdir}'
exec_prefix='${prefix}'
host_alias=''
htmldir='${docdir}'
includedir='${prefix}/include'
infodir='${datarootdir}/info'
install_sh='${SHELL} /Users/chaojili/Projects/pdftex/build-aux/install-sh'
libdir='${exec_prefix}/lib'
libexecdir='${exec_prefix}/libexec'
localedir='${datarootdir}/locale'
localstatedir='${prefix}/var'
mandir='${datarootdir}/man'
mkdir_p='$(MKDIR_P)'
oldincludedir='/usr/include'
pdfdir='${docdir}'
prefix='/usr/local'
program_transform_name='s,x,x,'
psdir='${docdir}'
sbindir='${exec_prefix}/sbin'
sharedstatedir='${prefix}/com'
sysconfdir='${prefix}/etc'
target_alias=''

## ----------- ##
## confdefs.h. ##
## ----------- ##

/* confdefs.h */
#define PACKAGE_NAME "libpng for TeX Live"
#define PACKAGE_TARNAME "libpng-for-tex-live"
#define PACKAGE_VERSION "1.6.1"
#define PACKAGE_STRING "libpng for TeX Live 1.6.1"
#define PACKAGE_BUGREPORT "tex-k@tug.org"
#define PACKAGE_URL ""
#define PACKAGE "libpng-for-tex-live"
#define VERSION "1.6.1"
#define STDC_HEADERS 1
#define HAVE_SYS_TYPES_H 1
#define HAVE_SYS_STAT_H 1
#define HAVE_STDLIB_H 1
#define HAVE_STRING_H 1
#define HAVE_MEMORY_H 1
#define HAVE_STRINGS_H 1
#define HAVE_INTTYPES_H 1
#define HAVE_STDINT_H 1
#define HAVE_UNISTD_H 1
#define HAVE_STDLIB_H 1
#define HAVE_STRING_H 1
#define HAVE_STRINGS_H 1
#define restrict __restrict
#define HAVE_MEMSET 1

configure: exit 0
